This is pdfTeX, Version 3.14159265-2.6-1.40.15 (TeX Live 2015/dev/Debian) (preloaded format=pdflatex 2015.4.1)  19 JUN 2015 11:51
entering extended mode
 restricted \write18 enabled.
 Source specials enabled.
 %&-line parsing enabled.
**main.tex
(./main.tex
LaTeX2e <2014/05/01>
Babel <3.9l> and hyphenation patterns for 4 languages loaded.
(./tufte-book.cls
Document Class: tufte-book 2010/03/28 v3.5.1 Tufte-book class
(./tufte-common.def
File: tufte-common.def 2011/06/18 v3.5.2 Common code for the Tufte-LaTeX styles


(/usr/share/texlive/texmf-dist/tex/latex/xkeyval/xkeyval.sty
Package: xkeyval 2014/05/25 v2.7 package option processing (HA)

(/usr/share/texlive/texmf-dist/tex/generic/xkeyval/xkeyval.tex
(/usr/share/texlive/texmf-dist/tex/generic/xkeyval/xkvutils.tex
\XKV@toks=\toks14
\XKV@tempa@toks=\toks15

(/usr/share/texlive/texmf-dist/tex/generic/xkeyval/keyval.tex))
\XKV@depth=\count79
File: xkeyval.tex 2014/05/25 v2.7 key=value parser (HA)
))
(/usr/share/texlive/texmf-dist/tex/latex/xifthen/xifthen.sty
Package: xifthen 2009/04/17 v1.3 Extended ifthen features

(/usr/share/texlive/texmf-dist/tex/latex/etex-pkg/etex.sty
Package: etex 1998/03/26 v2.0 eTeX basic definition package (PEB)
\et@xins=\count80
)
(/usr/share/texlive/texmf-dist/tex/latex/tools/calc.sty
Package: calc 2014/10/28 v4.3 Infix arithmetic (KKT,FJ)
\calc@Acount=\count81
\calc@Bcount=\count82
\calc@Adimen=\dimen102
\calc@Bdimen=\dimen103
\calc@Askip=\skip41
\calc@Bskip=\skip42
LaTeX Info: Redefining \setlength on input line 75.
LaTeX Info: Redefining \addtolength on input line 76.
\calc@Ccount=\count83
\calc@Cskip=\skip43
)
(/usr/share/texlive/texmf-dist/tex/latex/base/ifthen.sty
Package: ifthen 2014/09/29 v1.1c Standard LaTeX ifthen package (DPC)
)
(/usr/share/texlive/texmf-dist/tex/latex/ifmtarg/ifmtarg.sty
Package: ifmtarg 2009/09/02 v1.2a check for an empty argument
))
(/usr/share/texlive/texmf-dist/tex/latex/hardwrap/hardwrap.sty
Package: hardwrap 2011/02/12 v0.2 Hard wrap messages

(/usr/share/texlive/texmf-dist/tex/latex/ifplatform/ifplatform.sty
Package: ifplatform 2010/10/22 v0.4 Testing for the operating system

(/usr/share/texlive/texmf-dist/tex/generic/oberdiek/pdftexcmds.sty
Package: pdftexcmds 2011/11/29 v0.20 Utility functions of pdfTeX for LuaTeX (HO
)

(/usr/share/texlive/texmf-dist/tex/generic/oberdiek/infwarerr.sty
Package: infwarerr 2010/04/08 v1.3 Providing info/warning/error messages (HO)
)
(/usr/share/texlive/texmf-dist/tex/generic/oberdiek/ifluatex.sty
Package: ifluatex 2010/03/01 v1.3 Provides the ifluatex switch (HO)
Package ifluatex Info: LuaTeX not detected.
)
(/usr/share/texlive/texmf-dist/tex/generic/oberdiek/ltxcmds.sty
Package: ltxcmds 2011/11/09 v1.22 LaTeX kernel commands for general use (HO)
)
(/usr/share/texlive/texmf-dist/tex/generic/oberdiek/ifpdf.sty
Package: ifpdf 2011/01/30 v2.3 Provides the ifpdf switch (HO)
Package ifpdf Info: pdfTeX in PDF mode is detected.
)
Package pdftexcmds Info: LuaTeX not detected.
Package pdftexcmds Info: \pdf@primitive is available.
Package pdftexcmds Info: \pdf@ifprimitive is available.
Package pdftexcmds Info: \pdfdraftmode found.
)
(/usr/share/texlive/texmf-dist/tex/generic/oberdiek/catchfile.sty
Package: catchfile 2011/03/01 v1.6 Catch the contents of a file (HO)

(/usr/share/texlive/texmf-dist/tex/generic/oberdiek/etexcmds.sty
Package: etexcmds 2011/02/16 v1.5 Avoid name clashes with e-TeX commands (HO)
Package etexcmds Info: Could not find \expanded.
(etexcmds)             That can mean that you are not using pdfTeX 1.50 or
(etexcmds)             that some package has redefined \expanded.
(etexcmds)             In the latter case, load this package earlier.
))

Package ifplatform Warning: 
    shell escape is disabled, so I can only detect \ifwindows.

) (/usr/share/texlive/texmf-dist/tex/generic/ifxetex/ifxetex.sty
Package: ifxetex 2010/09/12 v0.6 Provides ifxetex conditional
)
\hw@charcount=\count84
\hw@wordcount=\count85
\hw@maxprintline=\count86

(/usr/share/texlive/texmf-dist/tex/generic/ifxetex/ifxetex.sty))
Class tufte-book Info: Loading the base class `book'

(/usr/share/texlive/texmf-dist/tex/latex/base/book.cls
Document Class: book 2014/09/29 v1.4h Standard LaTeX document class
(/usr/share/texlive/texmf-dist/tex/latex/base/bk10.clo
File: bk10.clo 2014/09/29 v1.4h Standard LaTeX file (size option)
)
\c@part=\count87
\c@chapter=\count88
\c@section=\count89
\c@subsection=\count90
\c@subsubsection=\count91
\c@paragraph=\count92
\c@subparagraph=\count93
\c@figure=\count94
\c@table=\count95
\abovecaptionskip=\skip44
\belowcaptionskip=\skip45
\bibindent=\dimen104
)
(/usr/share/texlive/texmf-dist/tex/latex/titlesec/titlesec.sty
Package: titlesec 2011/12/15 v2.10.0 Sectioning titles
\ttl@box=\box26
\beforetitleunit=\skip46
\aftertitleunit=\skip47
\ttl@plus=\dimen105
\ttl@minus=\dimen106
\ttl@toksa=\toks16
\titlewidth=\dimen107
\titlewidthlast=\dimen108
\titlewidthfirst=\dimen109
)
(/usr/share/texlive/texmf-dist/tex/latex/titlesec/titletoc.sty
Package: titletoc 2011/12/15 v1.6 TOC entries
\ttl@leftsep=\dimen110
)
(/usr/share/texlive/texmf-dist/tex/latex/hyperref/hyperref.sty
Package: hyperref 2012/11/06 v6.83m Hypertext links for LaTeX

(/usr/share/texlive/texmf-dist/tex/generic/oberdiek/hobsub-hyperref.sty
Package: hobsub-hyperref 2012/05/28 v1.13 Bundle oberdiek, subset hyperref (HO)


(/usr/share/texlive/texmf-dist/tex/generic/oberdiek/hobsub-generic.sty
Package: hobsub-generic 2012/05/28 v1.13 Bundle oberdiek, subset generic (HO)
Package: hobsub 2012/05/28 v1.13 Construct package bundles (HO)
Package hobsub Info: Skipping package `infwarerr' (already loaded).
Package hobsub Info: Skipping package `ltxcmds' (already loaded).
Package hobsub Info: Skipping package `ifluatex' (already loaded).
Package: ifvtex 2010/03/01 v1.5 Detect VTeX and its facilities (HO)
Package ifvtex Info: VTeX not detected.
Package: intcalc 2007/09/27 v1.1 Expandable calculations with integers (HO)
Package hobsub Info: Skipping package `ifpdf' (already loaded).
Package hobsub Info: Skipping package `etexcmds' (already loaded).
Package: kvsetkeys 2012/04/25 v1.16 Key value parser (HO)
Package: kvdefinekeys 2011/04/07 v1.3 Define keys (HO)
Package hobsub Info: Skipping package `pdftexcmds' (already loaded).
Package: pdfescape 2011/11/25 v1.13 Implements pdfTeX's escape features (HO)
Package: bigintcalc 2012/04/08 v1.3 Expandable calculations on big integers (HO
)
Package: bitset 2011/01/30 v1.1 Handle bit-vector datatype (HO)
Package: uniquecounter 2011/01/30 v1.2 Provide unlimited unique counter (HO)
)
Package hobsub Info: Skipping package `hobsub' (already loaded).
Package: letltxmacro 2010/09/02 v1.4 Let assignment for LaTeX macros (HO)
Package: hopatch 2012/05/28 v1.2 Wrapper for package hooks (HO)
Package: xcolor-patch 2011/01/30 xcolor patch
Package: atveryend 2011/06/30 v1.8 Hooks at the very end of document (HO)
Package atveryend Info: \enddocument detected (standard20110627).
Package: atbegshi 2011/10/05 v1.16 At begin shipout hook (HO)
Package: refcount 2011/10/16 v3.4 Data extraction from label references (HO)
Package: hycolor 2011/01/30 v1.7 Color options for hyperref/bookmark (HO)
)
(/usr/share/texlive/texmf-dist/tex/latex/oberdiek/auxhook.sty
Package: auxhook 2011/03/04 v1.3 Hooks for auxiliary files (HO)
)
(/usr/share/texlive/texmf-dist/tex/latex/oberdiek/kvoptions.sty
Package: kvoptions 2011/06/30 v3.11 Key value format for package options (HO)
)
\@linkdim=\dimen111
\Hy@linkcounter=\count96
\Hy@pagecounter=\count97

(/usr/share/texlive/texmf-dist/tex/latex/hyperref/pd1enc.def
File: pd1enc.def 2012/11/06 v6.83m Hyperref: PDFDocEncoding definition (HO)
)
\Hy@SavedSpaceFactor=\count98

(/usr/share/texlive/texmf-dist/tex/latex/latexconfig/hyperref.cfg
File: hyperref.cfg 2002/06/06 v1.2 hyperref configuration of TeXLive
)
Package hyperref Info: Option `unicode' set `true' on input line 4319.

(/usr/share/texlive/texmf-dist/tex/latex/hyperref/puenc.def
File: puenc.def 2012/11/06 v6.83m Hyperref: PDF Unicode definition (HO)
)
Package hyperref Info: Option `hyperfootnotes' set `false' on input line 4319.
Package hyperref Info: Hyper figures OFF on input line 4443.
Package hyperref Info: Link nesting OFF on input line 4448.
Package hyperref Info: Hyper index ON on input line 4451.
Package hyperref Info: Plain pages OFF on input line 4458.
Package hyperref Info: Backreferencing OFF on input line 4463.
Package hyperref Info: Implicit mode ON; LaTeX internals redefined.
Package hyperref Info: Bookmarks ON on input line 4688.
\c@Hy@tempcnt=\count99

(/usr/share/texlive/texmf-dist/tex/latex/url/url.sty
\Urlmuskip=\muskip10
Package: url 2013/09/16  ver 3.4  Verb mode for urls, etc.
)
LaTeX Info: Redefining \url on input line 5041.
\XeTeXLinkMargin=\dimen112
\Fld@menulength=\count100
\Field@Width=\dimen113
\Fld@charsize=\dimen114
Package hyperref Info: Hyper figures OFF on input line 6295.
Package hyperref Info: Link nesting OFF on input line 6300.
Package hyperref Info: Hyper index ON on input line 6303.
Package hyperref Info: backreferencing OFF on input line 6310.
Package hyperref Info: Link coloring OFF on input line 6315.
Package hyperref Info: Link coloring with OCG OFF on input line 6320.
Package hyperref Info: PDF/A mode OFF on input line 6325.
LaTeX Info: Redefining \ref on input line 6365.
LaTeX Info: Redefining \pageref on input line 6369.
\Hy@abspage=\count101
\c@Item=\count102
)

Package hyperref Message: Driver (autodetected): hpdftex.

(/usr/share/texlive/texmf-dist/tex/latex/hyperref/hpdftex.def
File: hpdftex.def 2012/11/06 v6.83m Hyperref driver for pdfTeX
\Fld@listcount=\count103
\c@bookmark@seq@number=\count104

(/usr/share/texlive/texmf-dist/tex/latex/oberdiek/rerunfilecheck.sty
Package: rerunfilecheck 2011/04/15 v1.7 Rerun checks for auxiliary files (HO)
Package uniquecounter Info: New unique counter `rerunfilecheck' on input line 2
82.
)
\Hy@SectionHShift=\skip48
)
(/usr/share/texlive/texmf-dist/tex/latex/ms/ragged2e.sty
Package: ragged2e 2009/05/21 v2.1 ragged2e Package (MS)

(/usr/share/texlive/texmf-dist/tex/latex/ms/everysel.sty
Package: everysel 2011/10/28 v1.2 EverySelectfont Package (MS)
)
\CenteringLeftskip=\skip49
\RaggedLeftLeftskip=\skip50
\RaggedRightLeftskip=\skip51
\CenteringRightskip=\skip52
\RaggedLeftRightskip=\skip53
\RaggedRightRightskip=\skip54
\CenteringParfillskip=\skip55
\RaggedLeftParfillskip=\skip56
\RaggedRightParfillskip=\skip57
\JustifyingParfillskip=\skip58
\CenteringParindent=\skip59
\RaggedLeftParindent=\skip60
\RaggedRightParindent=\skip61
\JustifyingParindent=\skip62
)
(/usr/share/texlive/texmf-dist/tex/latex/geometry/geometry.sty
Package: geometry 2010/09/12 v5.6 Page Geometry
\Gm@cnth=\count105
\Gm@cntv=\count106
\c@Gm@tempcnt=\count107
\Gm@bindingoffset=\dimen115
\Gm@wd@mp=\dimen116
\Gm@odd@mp=\dimen117
\Gm@even@mp=\dimen118
\Gm@layoutwidth=\dimen119
\Gm@layoutheight=\dimen120
\Gm@layouthoffset=\dimen121
\Gm@layoutvoffset=\dimen122
\Gm@dimlist=\toks17
)
(/usr/share/texlive/texmf-dist/tex/latex/changepage/changepage.sty
Package: changepage 2009/10/20 v1.0c check page and change page layout
\c@cp@cntr=\count108
\cp@tempcnt=\count109
)
\@tufte@overhang=\skip63
\@tufte@fullwidth=\skip64
\@tufte@caption@fill=\skip65

(/usr/share/texlive/texmf-dist/tex/latex/paralist/paralist.sty
Package: paralist 2013/06/09 v2.4 Extended list environments
\pltopsep=\skip66
\plpartopsep=\skip67
\plitemsep=\skip68
\plparsep=\skip69
\pl@lab=\toks18
)
(/usr/share/texlive/texmf-dist/tex/latex/textcase/textcase.sty
Package: textcase 2004/10/07 v0.07 Text only upper/lower case changing (DPC)
)
(/usr/share/texlive/texmf-dist/tex/latex/microtype/letterspace.sty
Package: letterspace 2013/05/23 v2.5a Robust letterspacing (RS)
LaTeX Info: Redefining \lsstyle on input line 307.
LaTeX Info: Redefining \lslig on input line 308.
LaTeX Info: Redefining \textls on input line 333.
\MT@outer@kern=\dimen123
)
(/usr/share/texlive/texmf-dist/tex/latex/setspace/setspace.sty
Package: setspace 2011/12/19 v6.7a set line spacing
)
(/usr/share/texlive/texmf-dist/tex/latex/xcolor/xcolor.sty
Package: xcolor 2007/01/21 v2.11 LaTeX color extensions (UK)

(/usr/share/texlive/texmf-dist/tex/latex/latexconfig/color.cfg
File: color.cfg 2007/01/18 v1.5 color configuration of teTeX/TeXLive
)
Package xcolor Info: Package option `usenames' ignored on input line 216.
Package xcolor Info: Driver file: pdftex.def on input line 225.

(/usr/share/texlive/texmf-dist/tex/latex/pdftex-def/pdftex.def
File: pdftex.def 2011/05/27 v0.06d Graphics/color for pdfTeX
\Gread@gobject=\count110
)
Package xcolor Info: Model `cmy' substituted by `cmy0' on input line 1337.
Package xcolor Info: Model `hsb' substituted by `rgb' on input line 1341.
Package xcolor Info: Model `RGB' extended on input line 1353.
Package xcolor Info: Model `HTML' substituted by `rgb' on input line 1355.
Package xcolor Info: Model `Hsb' substituted by `hsb' on input line 1356.
Package xcolor Info: Model `tHsb' substituted by `hsb' on input line 1357.
Package xcolor Info: Model `HSB' substituted by `hsb' on input line 1358.
Package xcolor Info: Model `Gray' substituted by `gray' on input line 1359.
Package xcolor Info: Model `wave' substituted by `hsb' on input line 1360.

(/usr/share/texlive/texmf-dist/tex/latex/graphics/dvipsnam.def
File: dvipsnam.def 2014/04/23 v3.0j Driver-dependant file (DPC,SPQR)
)
(/usr/share/texlive/texmf-dist/tex/latex/xcolor/svgnam.def
File: svgnam.def 2007/01/21 v2.11 Predefined colors according to SVG 1.1 (UK)
))
\c@@tufte@num@bibkeys=\count111

(/usr/share/texlive/texmf-dist/tex/latex/sauerj/optparams.sty
Package: optparams 2004/08/14 v0.9 multiple optional parameters in macros
)
\@tufte@sidenote@vertical@offset=\skip70

(/usr/share/texlive/texmf-dist/tex/latex/placeins/placeins.sty
Package: placeins 2005/04/18  v 2.2
)
\@tufte@margin@floatbox=\box27
\@tufte@figure@box=\box28
\@tufte@caption@box=\box29
\@tufte@caption@vertical@offset=\skip71
\@tufte@float@contents@width=\skip72

(/usr/share/texlive/texmf-dist/tex/latex/psnfss/mathpazo.sty
Package: mathpazo 2005/04/12 PSNFSS-v9.2a Palatino w/ Pazo Math (D.Puga, WaS) 
\symupright=\mathgroup4
)
(/usr/share/texlive/texmf-dist/tex/latex/psnfss/helvet.sty
Package: helvet 2005/04/12 PSNFSS-v9.2a (WaS) 
)
(/usr/share/texlive/texmf-dist/tex/latex/bera/beramono.sty
Package: beramono 2004/01/31 (WaS)
)
(/usr/share/texlive/texmf-dist/tex/latex/base/fontenc.sty
Package: fontenc 2005/09/27 v1.99g Standard LaTeX package

(/usr/share/texlive/texmf-dist/tex/latex/base/t1enc.def
File: t1enc.def 2005/09/27 v1.99g Standard LaTeX file
LaTeX Font Info:    Redeclaring font encoding T1 on input line 43.
))
(/usr/share/texlive/texmf-dist/tex/latex/base/textcomp.sty
Package: textcomp 2005/09/27 v1.99g Standard LaTeX package
Package textcomp Info: Sub-encoding information:
(textcomp)               5 = only ISO-Adobe without \textcurrency
(textcomp)               4 = 5 + \texteuro
(textcomp)               3 = 4 + \textohm
(textcomp)               2 = 3 + \textestimated + \textcurrency
(textcomp)               1 = TS1 - \textcircled - \t
(textcomp)               0 = TS1 (full)
(textcomp)             Font families with sub-encoding setting implement
(textcomp)             only a restricted character set as indicated.
(textcomp)             Family '?' is the default used for unknown fonts.
(textcomp)             See the documentation for details.
Package textcomp Info: Setting ? sub-encoding to TS1/1 on input line 71.

(/usr/share/texlive/texmf-dist/tex/latex/base/ts1enc.def
File: ts1enc.def 2001/06/05 v3.0e (jk/car/fm) Standard LaTeX file
)
LaTeX Info: Redefining \oldstylenums on input line 266.
Package textcomp Info: Setting cmr sub-encoding to TS1/0 on input line 281.
Package textcomp Info: Setting cmss sub-encoding to TS1/0 on input line 282.
Package textcomp Info: Setting cmtt sub-encoding to TS1/0 on input line 283.
Package textcomp Info: Setting cmvtt sub-encoding to TS1/0 on input line 284.
Package textcomp Info: Setting cmbr sub-encoding to TS1/0 on input line 285.
Package textcomp Info: Setting cmtl sub-encoding to TS1/0 on input line 286.
Package textcomp Info: Setting ccr sub-encoding to TS1/0 on input line 287.
Package textcomp Info: Setting ptm sub-encoding to TS1/4 on input line 288.
Package textcomp Info: Setting pcr sub-encoding to TS1/4 on input line 289.
Package textcomp Info: Setting phv sub-encoding to TS1/4 on input line 290.
Package textcomp Info: Setting ppl sub-encoding to TS1/3 on input line 291.
Package textcomp Info: Setting pag sub-encoding to TS1/4 on input line 292.
Package textcomp Info: Setting pbk sub-encoding to TS1/4 on input line 293.
Package textcomp Info: Setting pnc sub-encoding to TS1/4 on input line 294.
Package textcomp Info: Setting pzc sub-encoding to TS1/4 on input line 295.
Package textcomp Info: Setting bch sub-encoding to TS1/4 on input line 296.
Package textcomp Info: Setting put sub-encoding to TS1/5 on input line 297.
Package textcomp Info: Setting uag sub-encoding to TS1/5 on input line 298.
Package textcomp Info: Setting ugq sub-encoding to TS1/5 on input line 299.
Package textcomp Info: Setting ul8 sub-encoding to TS1/4 on input line 300.
Package textcomp Info: Setting ul9 sub-encoding to TS1/4 on input line 301.
Package textcomp Info: Setting augie sub-encoding to TS1/5 on input line 302.
Package textcomp Info: Setting dayrom sub-encoding to TS1/3 on input line 303.
Package textcomp Info: Setting dayroms sub-encoding to TS1/3 on input line 304.

Package textcomp Info: Setting pxr sub-encoding to TS1/0 on input line 305.
Package textcomp Info: Setting pxss sub-encoding to TS1/0 on input line 306.
Package textcomp Info: Setting pxtt sub-encoding to TS1/0 on input line 307.
Package textcomp Info: Setting txr sub-encoding to TS1/0 on input line 308.
Package textcomp Info: Setting txss sub-encoding to TS1/0 on input line 309.
Package textcomp Info: Setting txtt sub-encoding to TS1/0 on input line 310.
Package textcomp Info: Setting lmr sub-encoding to TS1/0 on input line 311.
Package textcomp Info: Setting lmdh sub-encoding to TS1/0 on input line 312.
Package textcomp Info: Setting lmss sub-encoding to TS1/0 on input line 313.
Package textcomp Info: Setting lmssq sub-encoding to TS1/0 on input line 314.
Package textcomp Info: Setting lmvtt sub-encoding to TS1/0 on input line 315.
Package textcomp Info: Setting qhv sub-encoding to TS1/0 on input line 316.
Package textcomp Info: Setting qag sub-encoding to TS1/0 on input line 317.
Package textcomp Info: Setting qbk sub-encoding to TS1/0 on input line 318.
Package textcomp Info: Setting qcr sub-encoding to TS1/0 on input line 319.
Package textcomp Info: Setting qcs sub-encoding to TS1/0 on input line 320.
Package textcomp Info: Setting qpl sub-encoding to TS1/0 on input line 321.
Package textcomp Info: Setting qtm sub-encoding to TS1/0 on input line 322.
Package textcomp Info: Setting qzc sub-encoding to TS1/0 on input line 323.
Package textcomp Info: Setting qhvc sub-encoding to TS1/0 on input line 324.
Package textcomp Info: Setting futs sub-encoding to TS1/4 on input line 325.
Package textcomp Info: Setting futx sub-encoding to TS1/4 on input line 326.
Package textcomp Info: Setting futj sub-encoding to TS1/4 on input line 327.
Package textcomp Info: Setting hlh sub-encoding to TS1/3 on input line 328.
Package textcomp Info: Setting hls sub-encoding to TS1/3 on input line 329.
Package textcomp Info: Setting hlst sub-encoding to TS1/3 on input line 330.
Package textcomp Info: Setting hlct sub-encoding to TS1/5 on input line 331.
Package textcomp Info: Setting hlx sub-encoding to TS1/5 on input line 332.
Package textcomp Info: Setting hlce sub-encoding to TS1/5 on input line 333.
Package textcomp Info: Setting hlcn sub-encoding to TS1/5 on input line 334.
Package textcomp Info: Setting hlcw sub-encoding to TS1/5 on input line 335.
Package textcomp Info: Setting hlcf sub-encoding to TS1/5 on input line 336.
Package textcomp Info: Setting pplx sub-encoding to TS1/3 on input line 337.
Package textcomp Info: Setting pplj sub-encoding to TS1/3 on input line 338.
Package textcomp Info: Setting ptmx sub-encoding to TS1/4 on input line 339.
Package textcomp Info: Setting ptmj sub-encoding to TS1/4 on input line 340.
)
(/usr/share/texlive/texmf-dist/tex/latex/fancyhdr/fancyhdr.sty
\fancy@headwidth=\skip73
\f@ncyO@elh=\skip74
\f@ncyO@erh=\skip75
\f@ncyO@olh=\skip76
\f@ncyO@orh=\skip77
\f@ncyO@elf=\skip78
\f@ncyO@erf=\skip79
\f@ncyO@olf=\skip80
\f@ncyO@orf=\skip81
)
\tufteskipamount=\skip82

(/usr/share/texlive/texmf-dist/tex/latex/tools/multicol.sty
Package: multicol 2014/10/28 v1.8i multicolumn formatting (FMi)
\c@tracingmulticols=\count112
\mult@box=\box30
\multicol@leftmargin=\dimen124
\c@unbalance=\count113
\c@collectmore=\count114
\doublecol@number=\count115
\multicoltolerance=\count116
\multicolpretolerance=\count117
\full@width=\dimen125
\page@free=\dimen126
\premulticols=\dimen127
\postmulticols=\dimen128
\multicolsep=\skip83
\multicolbaselineskip=\skip84
\partial@page=\box31
\last@line=\box32
\maxbalancingoverflow=\dimen129
\mult@rightbox=\box33
\mult@grightbox=\box34
\mult@gfirstbox=\box35
\mult@firstbox=\box36
\@tempa=\box37
\@tempa=\box38
\@tempa=\box39
\@tempa=\box40
\@tempa=\box41
\@tempa=\box42
\@tempa=\box43
\@tempa=\box44
\@tempa=\box45
\@tempa=\box46
\@tempa=\box47
\@tempa=\box48
\@tempa=\box49
\@tempa=\box50
\@tempa=\box51
\@tempa=\box52
\@tempa=\box53
\c@columnbadness=\count118
\c@finalcolumnbadness=\count119
\last@try=\dimen130
\multicolovershoot=\dimen131
\multicolundershoot=\dimen132
\mult@nat@firstbox=\box54
\colbreak@box=\box55
\mc@col@check@num=\count120
))) (./commandes.tex (/usr/share/texlive/texmf-dist/tex/latex/base/makeidx.sty
Package: makeidx 2014/09/29 v1.0m Standard LaTeX package
)
\@indexfile=\write3
\openout3 = `main.idx'.


Writing index file main.idx
) (./packages.tex (/usr/share/texlive/texmf-dist/tex/latex/nag/nag.sty
Package: nag 2011/11/25 0.7 warning about old commands (ulmi)
\c@nag@c=\count121
\c@nag@sins=\count122
Package nag Info: Loaded nag-l2tabu.cfg  on input line 552.

(/usr/share/texlive/texmf-dist/tex/latex/nag/nag-l2tabu.cfg
File: nag-l2tabu.cfg 2010/05/17 v2.11 l2tabu rules for nag.sty (ulmi)
)
Package nag Info: Loaded nag-orthodox.cfg  on input line 552.

(/usr/share/texlive/texmf-dist/tex/latex/nag/nag-orthodox.cfg
File: nag-orthodox.cfg 2006/04/19 v1.8 strict rules for nag.sty (ulmi)
))
(/usr/share/texlive/texmf-dist/tex/latex/psnfss/charter.sty
Package: charter 2005/04/12 PSNFSS-v9.2a (P.Dyballa) 
)
(/usr/share/texlive/texmf-dist/tex/latex/hyphenat/hyphenat.sty
Package: hyphenat 2009/09/02 v2.3c hyphenation utilities
\langwohyphens=\language5
LaTeX Info: Redefining \_ on input line 43.
)
(/usr/share/texlive/texmf-dist/tex/latex/base/fontenc.sty
Package: fontenc 2005/09/27 v1.99g Standard LaTeX package

(/usr/share/texlive/texmf-dist/tex/latex/base/t1enc.def
File: t1enc.def 2005/09/27 v1.99g Standard LaTeX file
LaTeX Font Info:    Redeclaring font encoding T1 on input line 43.
))
(/usr/share/texlive/texmf-dist/tex/latex/base/inputenc.sty
Package: inputenc 2014/04/30 v1.2b Input encoding file
\inpenc@prehook=\toks19
\inpenc@posthook=\toks20

(/usr/share/texlive/texmf-dist/tex/latex/base/utf8.def
File: utf8.def 2014/09/29 v1.1m UTF-8 support for inputenc
Now handling font encoding OML ...
... no UTF-8 mapping file for font encoding OML
Now handling font encoding T1 ...
... processing UTF-8 mapping file for font encoding T1

(/usr/share/texlive/texmf-dist/tex/latex/base/t1enc.dfu
File: t1enc.dfu 2014/09/29 v1.1m UTF-8 support for inputenc
   defining Unicode char U+00A1 (decimal 161)
   defining Unicode char U+00A3 (decimal 163)
   defining Unicode char U+00AB (decimal 171)
   defining Unicode char U+00BB (decimal 187)
   defining Unicode char U+00BF (decimal 191)
   defining Unicode char U+00C0 (decimal 192)
   defining Unicode char U+00C1 (decimal 193)
   defining Unicode char U+00C2 (decimal 194)
   defining Unicode char U+00C3 (decimal 195)
   defining Unicode char U+00C4 (decimal 196)
   defining Unicode char U+00C5 (decimal 197)
   defining Unicode char U+00C6 (decimal 198)
   defining Unicode char U+00C7 (decimal 199)
   defining Unicode char U+00C8 (decimal 200)
   defining Unicode char U+00C9 (decimal 201)
   defining Unicode char U+00CA (decimal 202)
   defining Unicode char U+00CB (decimal 203)
   defining Unicode char U+00CC (decimal 204)
   defining Unicode char U+00CD (decimal 205)
   defining Unicode char U+00CE (decimal 206)
   defining Unicode char U+00CF (decimal 207)
   defining Unicode char U+00D0 (decimal 208)
   defining Unicode char U+00D1 (decimal 209)
   defining Unicode char U+00D2 (decimal 210)
   defining Unicode char U+00D3 (decimal 211)
   defining Unicode char U+00D4 (decimal 212)
   defining Unicode char U+00D5 (decimal 213)
   defining Unicode char U+00D6 (decimal 214)
   defining Unicode char U+00D8 (decimal 216)
   defining Unicode char U+00D9 (decimal 217)
   defining Unicode char U+00DA (decimal 218)
   defining Unicode char U+00DB (decimal 219)
   defining Unicode char U+00DC (decimal 220)
   defining Unicode char U+00DD (decimal 221)
   defining Unicode char U+00DE (decimal 222)
   defining Unicode char U+00DF (decimal 223)
   defining Unicode char U+00E0 (decimal 224)
   defining Unicode char U+00E1 (decimal 225)
   defining Unicode char U+00E2 (decimal 226)
   defining Unicode char U+00E3 (decimal 227)
   defining Unicode char U+00E4 (decimal 228)
   defining Unicode char U+00E5 (decimal 229)
   defining Unicode char U+00E6 (decimal 230)
   defining Unicode char U+00E7 (decimal 231)
   defining Unicode char U+00E8 (decimal 232)
   defining Unicode char U+00E9 (decimal 233)
   defining Unicode char U+00EA (decimal 234)
   defining Unicode char U+00EB (decimal 235)
   defining Unicode char U+00EC (decimal 236)
   defining Unicode char U+00ED (decimal 237)
   defining Unicode char U+00EE (decimal 238)
   defining Unicode char U+00EF (decimal 239)
   defining Unicode char U+00F0 (decimal 240)
   defining Unicode char U+00F1 (decimal 241)
   defining Unicode char U+00F2 (decimal 242)
   defining Unicode char U+00F3 (decimal 243)
   defining Unicode char U+00F4 (decimal 244)
   defining Unicode char U+00F5 (decimal 245)
   defining Unicode char U+00F6 (decimal 246)
   defining Unicode char U+00F8 (decimal 248)
   defining Unicode char U+00F9 (decimal 249)
   defining Unicode char U+00FA (decimal 250)
   defining Unicode char U+00FB (decimal 251)
   defining Unicode char U+00FC (decimal 252)
   defining Unicode char U+00FD (decimal 253)
   defining Unicode char U+00FE (decimal 254)
   defining Unicode char U+00FF (decimal 255)
   defining Unicode char U+0102 (decimal 258)
   defining Unicode char U+0103 (decimal 259)
   defining Unicode char U+0104 (decimal 260)
   defining Unicode char U+0105 (decimal 261)
   defining Unicode char U+0106 (decimal 262)
   defining Unicode char U+0107 (decimal 263)
   defining Unicode char U+010C (decimal 268)
   defining Unicode char U+010D (decimal 269)
   defining Unicode char U+010E (decimal 270)
   defining Unicode char U+010F (decimal 271)
   defining Unicode char U+0110 (decimal 272)
   defining Unicode char U+0111 (decimal 273)
   defining Unicode char U+0118 (decimal 280)
   defining Unicode char U+0119 (decimal 281)
   defining Unicode char U+011A (decimal 282)
   defining Unicode char U+011B (decimal 283)
   defining Unicode char U+011E (decimal 286)
   defining Unicode char U+011F (decimal 287)
   defining Unicode char U+0130 (decimal 304)
   defining Unicode char U+0131 (decimal 305)
   defining Unicode char U+0132 (decimal 306)
   defining Unicode char U+0133 (decimal 307)
   defining Unicode char U+0139 (decimal 313)
   defining Unicode char U+013A (decimal 314)
   defining Unicode char U+013D (decimal 317)
   defining Unicode char U+013E (decimal 318)
   defining Unicode char U+0141 (decimal 321)
   defining Unicode char U+0142 (decimal 322)
   defining Unicode char U+0143 (decimal 323)
   defining Unicode char U+0144 (decimal 324)
   defining Unicode char U+0147 (decimal 327)
   defining Unicode char U+0148 (decimal 328)
   defining Unicode char U+014A (decimal 330)
   defining Unicode char U+014B (decimal 331)
   defining Unicode char U+0150 (decimal 336)
   defining Unicode char U+0151 (decimal 337)
   defining Unicode char U+0152 (decimal 338)
   defining Unicode char U+0153 (decimal 339)
   defining Unicode char U+0154 (decimal 340)
   defining Unicode char U+0155 (decimal 341)
   defining Unicode char U+0158 (decimal 344)
   defining Unicode char U+0159 (decimal 345)
   defining Unicode char U+015A (decimal 346)
   defining Unicode char U+015B (decimal 347)
   defining Unicode char U+015E (decimal 350)
   defining Unicode char U+015F (decimal 351)
   defining Unicode char U+0160 (decimal 352)
   defining Unicode char U+0161 (decimal 353)
   defining Unicode char U+0162 (decimal 354)
   defining Unicode char U+0163 (decimal 355)
   defining Unicode char U+0164 (decimal 356)
   defining Unicode char U+0165 (decimal 357)
   defining Unicode char U+016E (decimal 366)
   defining Unicode char U+016F (decimal 367)
   defining Unicode char U+0170 (decimal 368)
   defining Unicode char U+0171 (decimal 369)
   defining Unicode char U+0178 (decimal 376)
   defining Unicode char U+0179 (decimal 377)
   defining Unicode char U+017A (decimal 378)
   defining Unicode char U+017B (decimal 379)
   defining Unicode char U+017C (decimal 380)
   defining Unicode char U+017D (decimal 381)
   defining Unicode char U+017E (decimal 382)
   defining Unicode char U+200C (decimal 8204)
   defining Unicode char U+2013 (decimal 8211)
   defining Unicode char U+2014 (decimal 8212)
   defining Unicode char U+2018 (decimal 8216)
   defining Unicode char U+2019 (decimal 8217)
   defining Unicode char U+201A (decimal 8218)
   defining Unicode char U+201C (decimal 8220)
   defining Unicode char U+201D (decimal 8221)
   defining Unicode char U+201E (decimal 8222)
   defining Unicode char U+2030 (decimal 8240)
   defining Unicode char U+2031 (decimal 8241)
   defining Unicode char U+2039 (decimal 8249)
   defining Unicode char U+203A (decimal 8250)
   defining Unicode char U+2423 (decimal 9251)
)
Now handling font encoding OT1 ...
... processing UTF-8 mapping file for font encoding OT1

(/usr/share/texlive/texmf-dist/tex/latex/base/ot1enc.dfu
File: ot1enc.dfu 2014/09/29 v1.1m UTF-8 support for inputenc
   defining Unicode char U+00A1 (decimal 161)
   defining Unicode char U+00A3 (decimal 163)
   defining Unicode char U+00B8 (decimal 184)
   defining Unicode char U+00BF (decimal 191)
   defining Unicode char U+00C5 (decimal 197)
   defining Unicode char U+00C6 (decimal 198)
   defining Unicode char U+00D8 (decimal 216)
   defining Unicode char U+00DF (decimal 223)
   defining Unicode char U+00E6 (decimal 230)
   defining Unicode char U+00EC (decimal 236)
   defining Unicode char U+00ED (decimal 237)
   defining Unicode char U+00EE (decimal 238)
   defining Unicode char U+00EF (decimal 239)
   defining Unicode char U+00F8 (decimal 248)
   defining Unicode char U+0131 (decimal 305)
   defining Unicode char U+0141 (decimal 321)
   defining Unicode char U+0142 (decimal 322)
   defining Unicode char U+0152 (decimal 338)
   defining Unicode char U+0153 (decimal 339)
   defining Unicode char U+2013 (decimal 8211)
   defining Unicode char U+2014 (decimal 8212)
   defining Unicode char U+2018 (decimal 8216)
   defining Unicode char U+2019 (decimal 8217)
   defining Unicode char U+201C (decimal 8220)
   defining Unicode char U+201D (decimal 8221)
)
Now handling font encoding OMS ...
... processing UTF-8 mapping file for font encoding OMS

(/usr/share/texlive/texmf-dist/tex/latex/base/omsenc.dfu
File: omsenc.dfu 2014/09/29 v1.1m UTF-8 support for inputenc
   defining Unicode char U+00A7 (decimal 167)
   defining Unicode char U+00B6 (decimal 182)
   defining Unicode char U+00B7 (decimal 183)
   defining Unicode char U+2020 (decimal 8224)
   defining Unicode char U+2021 (decimal 8225)
   defining Unicode char U+2022 (decimal 8226)
)
Now handling font encoding OMX ...
... no UTF-8 mapping file for font encoding OMX
Now handling font encoding U ...
... no UTF-8 mapping file for font encoding U
Now handling font encoding PD1 ...
... no UTF-8 mapping file for font encoding PD1
Now handling font encoding PU ...
... no UTF-8 mapping file for font encoding PU
Now handling font encoding TS1 ...
... processing UTF-8 mapping file for font encoding TS1

(/usr/share/texlive/texmf-dist/tex/latex/base/ts1enc.dfu
File: ts1enc.dfu 2014/09/29 v1.1m UTF-8 support for inputenc
   defining Unicode char U+00A2 (decimal 162)
   defining Unicode char U+00A3 (decimal 163)
   defining Unicode char U+00A4 (decimal 164)
   defining Unicode char U+00A5 (decimal 165)
   defining Unicode char U+00A6 (decimal 166)
   defining Unicode char U+00A7 (decimal 167)
   defining Unicode char U+00A8 (decimal 168)
   defining Unicode char U+00A9 (decimal 169)
   defining Unicode char U+00AA (decimal 170)
   defining Unicode char U+00AC (decimal 172)
   defining Unicode char U+00AE (decimal 174)
   defining Unicode char U+00AF (decimal 175)
   defining Unicode char U+00B0 (decimal 176)
   defining Unicode char U+00B1 (decimal 177)
   defining Unicode char U+00B2 (decimal 178)
   defining Unicode char U+00B3 (decimal 179)
   defining Unicode char U+00B4 (decimal 180)
   defining Unicode char U+00B5 (decimal 181)
   defining Unicode char U+00B6 (decimal 182)
   defining Unicode char U+00B7 (decimal 183)
   defining Unicode char U+00B9 (decimal 185)
   defining Unicode char U+00BA (decimal 186)
   defining Unicode char U+00BC (decimal 188)
   defining Unicode char U+00BD (decimal 189)
   defining Unicode char U+00BE (decimal 190)
   defining Unicode char U+00D7 (decimal 215)
   defining Unicode char U+00F7 (decimal 247)
   defining Unicode char U+0192 (decimal 402)
   defining Unicode char U+02C7 (decimal 711)
   defining Unicode char U+02D8 (decimal 728)
   defining Unicode char U+02DD (decimal 733)
   defining Unicode char U+0E3F (decimal 3647)
   defining Unicode char U+2016 (decimal 8214)
   defining Unicode char U+2020 (decimal 8224)
   defining Unicode char U+2021 (decimal 8225)
   defining Unicode char U+2022 (decimal 8226)
   defining Unicode char U+2030 (decimal 8240)
   defining Unicode char U+2031 (decimal 8241)
   defining Unicode char U+203B (decimal 8251)
   defining Unicode char U+203D (decimal 8253)
   defining Unicode char U+2044 (decimal 8260)
   defining Unicode char U+204E (decimal 8270)
   defining Unicode char U+2052 (decimal 8274)
   defining Unicode char U+20A1 (decimal 8353)
   defining Unicode char U+20A4 (decimal 8356)
   defining Unicode char U+20A6 (decimal 8358)
   defining Unicode char U+20A9 (decimal 8361)
   defining Unicode char U+20AB (decimal 8363)
   defining Unicode char U+20AC (decimal 8364)
   defining Unicode char U+20B1 (decimal 8369)
   defining Unicode char U+2103 (decimal 8451)
   defining Unicode char U+2116 (decimal 8470)
   defining Unicode char U+2117 (decimal 8471)
   defining Unicode char U+211E (decimal 8478)
   defining Unicode char U+2120 (decimal 8480)
   defining Unicode char U+2122 (decimal 8482)
   defining Unicode char U+2126 (decimal 8486)
   defining Unicode char U+2127 (decimal 8487)
   defining Unicode char U+212E (decimal 8494)
   defining Unicode char U+2190 (decimal 8592)
   defining Unicode char U+2191 (decimal 8593)
   defining Unicode char U+2192 (decimal 8594)
   defining Unicode char U+2193 (decimal 8595)
   defining Unicode char U+2329 (decimal 9001)
   defining Unicode char U+232A (decimal 9002)
   defining Unicode char U+2422 (decimal 9250)
   defining Unicode char U+25E6 (decimal 9702)
   defining Unicode char U+25EF (decimal 9711)
   defining Unicode char U+266A (decimal 9834)
)
   defining Unicode char U+00A9 (decimal 169)
   defining Unicode char U+00AA (decimal 170)
   defining Unicode char U+00AE (decimal 174)
   defining Unicode char U+00BA (decimal 186)
   defining Unicode char U+02C6 (decimal 710)
   defining Unicode char U+02DC (decimal 732)
   defining Unicode char U+200C (decimal 8204)
   defining Unicode char U+2026 (decimal 8230)
   defining Unicode char U+2122 (decimal 8482)
   defining Unicode char U+2423 (decimal 9251)
))
(/usr/share/texlive/texmf-dist/tex/generic/babel/babel.sty
Package: babel 2014/09/25 3.9l The Babel package

(/usr/share/texlive/texmf-dist/tex/generic/babel-french/frenchb.ldf
Language: frenchb 2014/09/16 v3.1b French support from the babel system

(/usr/share/texlive/texmf-dist/tex/generic/babel/babel.def
File: babel.def 2014/09/25 3.9l Babel common definitions
\babel@savecnt=\count123
\U@D=\dimen133
)
\l@acadian = a dialect from \language\l@french 
\l@canadien = a dialect from \language\l@french 
\FBcolonskip=\skip85
\FBthinskip=\skip86
\FB@interchartokenstateORI=\count124
Package babel Info: Making : an active character on input line 371.
Package babel Info: Making ; an active character on input line 372.
Package babel Info: Making ! an active character on input line 373.
Package babel Info: Making ? an active character on input line 374.
\FBguillskip=\skip87
\FBguill@level=\count125
\FB@Mht=\dimen134
\std@mcc=\count126
\dec@mcc=\count127
\listindentFB=\skip88
\labelwidthFB=\skip89
\leftmarginFB=\skip90
\parindentFFN=\dimen135
))
(/usr/share/texlive/texmf-dist/tex/latex/carlisle/scalefnt.sty)
(/usr/share/texlive/texmf-dist/tex/latex/biblatex/biblatex.sty
Package: biblatex 2014/06/25 v2.9a programmable bibliographies (PK/JW/AB)

(/usr/share/texlive/texmf-dist/tex/latex/biblatex/biblatex2.sty
Package: biblatex2 2014/06/25 v2.9a programmable bibliographies (biber) (PK/JW/
AB)

(/usr/share/texlive/texmf-dist/tex/latex/etoolbox/etoolbox.sty
Package: etoolbox 2011/01/03 v2.1 e-TeX tools for LaTeX
\etb@tempcnta=\count128
)
(/usr/share/texlive/texmf-dist/tex/latex/logreq/logreq.sty
Package: logreq 2010/08/04 v1.0 xml request logger
\lrq@indent=\count129

(/usr/share/texlive/texmf-dist/tex/latex/logreq/logreq.def
File: logreq.def 2010/08/04 v1.0 logreq spec v1.0
))
\c@tabx@nest=\count130
\c@listtotal=\count131
\c@listcount=\count132
\c@liststart=\count133
\c@liststop=\count134
\c@citecount=\count135
\c@citetotal=\count136
\c@multicitecount=\count137
\c@multicitetotal=\count138
\c@instcount=\count139
\c@maxnames=\count140
\c@minnames=\count141
\c@maxitems=\count142
\c@minitems=\count143
\c@citecounter=\count144
\c@savedcitecounter=\count145
\c@uniquelist=\count146
\c@uniquename=\count147
\c@refsection=\count148
\c@refsegment=\count149
\c@maxextratitle=\count150
\c@maxextratitleyear=\count151
\c@maxextrayear=\count152
\c@maxextraalpha=\count153
\c@abbrvpenalty=\count154
\c@highnamepenalty=\count155
\c@lownamepenalty=\count156
\c@maxparens=\count157
\c@parenlevel=\count158
\blx@tempcnta=\count159
\blx@tempcntb=\count160
\blx@tempcntc=\count161
\blx@maxsection=\count162
\blx@maxsegment@0=\count163
\blx@notetype=\count164
\blx@parenlevel@text=\count165
\blx@parenlevel@foot=\count166
\blx@sectionciteorder@0=\count167
\labelnumberwidth=\skip91
\labelalphawidth=\skip92
\biblabelsep=\skip93
\bibitemsep=\skip94
\bibnamesep=\skip95
\bibinitsep=\skip96
\bibparsep=\skip97
\bibhang=\skip98
\blx@bcfin=\read1
\blx@bcfout=\write4
\c@mincomprange=\count168
\c@maxcomprange=\count169
\c@mincompwidth=\count170
Package biblatex Info: Trying to load biblatex default data model...
Package biblatex Info: ... file 'blx-dm.def' found.

(/usr/share/texlive/texmf-dist/tex/latex/biblatex/blx-dm.def)
Package biblatex Info: Trying to load biblatex style data model...
Package biblatex Info: ... file 'verbose.dbx' not found.
Package biblatex Info: Trying to load biblatex custom data model...
Package biblatex Info: ... file 'biblatex-dm.cfg' not found.
\c@afterword=\count171
\c@savedafterword=\count172
\c@annotator=\count173
\c@savedannotator=\count174
\c@author=\count175
\c@savedauthor=\count176
\c@bookauthor=\count177
\c@savedbookauthor=\count178
\c@commentator=\count179
\c@savedcommentator=\count180
\c@editor=\count181
\c@savededitor=\count182
\c@editora=\count183
\c@savededitora=\count184
\c@editorb=\count185
\c@savededitorb=\count186
\c@editorc=\count187
\c@savededitorc=\count188
\c@foreword=\count189
\c@savedforeword=\count190
\c@holder=\count191
\c@savedholder=\count192
\c@introduction=\count193
\c@savedintroduction=\count194
\c@namea=\count195
\c@savednamea=\count196
\c@nameb=\count197
\c@savednameb=\count198
\c@namec=\count199
\c@savednamec=\count200
\c@translator=\count201
\c@savedtranslator=\count202
\c@shortauthor=\count203
\c@savedshortauthor=\count204
\c@shorteditor=\count205
\c@savedshorteditor=\count206
\c@labelname=\count207
\c@savedlabelname=\count208
\c@institution=\count209
\c@savedinstitution=\count210
\c@lista=\count211
\c@savedlista=\count212
\c@listb=\count213
\c@savedlistb=\count214
\c@listc=\count215
\c@savedlistc=\count216
\c@listd=\count217
\c@savedlistd=\count218
\c@liste=\count219
\c@savedliste=\count220
\c@listf=\count221
\c@savedlistf=\count222
\c@location=\count223
\c@savedlocation=\count224
\c@organization=\count225
\c@savedorganization=\count226
\c@origlocation=\count227
\c@savedoriglocation=\count228
\c@origpublisher=\count229
\c@savedorigpublisher=\count230
\c@publisher=\count231
\c@savedpublisher=\count232
\c@language=\count233
Normal \count register pool exhausted, switching to extended pool.
\c@savedlanguage=\count277
\c@pageref=\count278
\c@savedpageref=\count279
\shorthandwidth=\skip99
\shortjournalwidth=\skip100
\shortserieswidth=\skip101
\shorttitlewidth=\skip102
\shortauthorwidth=\skip103
\shorteditorwidth=\skip104
Package biblatex Info: Trying to load compatibility code...
Package biblatex Info: ... file 'blx-compat.def' found.

(/usr/share/texlive/texmf-dist/tex/latex/biblatex/blx-compat.def
File: blx-compat.def 2014/06/25 v2.9a biblatex compatibility (PK/JW/AB)
)
Package biblatex Info: Trying to load generic definitions...
Package biblatex Info: ... file 'biblatex.def' found.

(/usr/share/texlive/texmf-dist/tex/latex/biblatex/biblatex.def
File: biblatex.def 
\c@textcitecount=\count280
\c@textcitetotal=\count281
\c@textcitemaxnames=\count282
\c@biburlnumpenalty=\count283
\c@biburlucpenalty=\count284
\c@biburllcpenalty=\count285
\c@smartand=\count286
)
Package biblatex Info: Trying to load bibliography style 'verbose'...
Package biblatex Info: ... file 'verbose.bbx' found.

(/usr/share/texlive/texmf-dist/tex/latex/biblatex/bbx/verbose.bbx
File: verbose.bbx 2014/06/25 v2.9a biblatex bibliography style (PK/JW/AB)
Package biblatex Info: Trying to load bibliography style 'authortitle'...
Package biblatex Info: ... file 'authortitle.bbx' found.

(/usr/share/texlive/texmf-dist/tex/latex/biblatex/bbx/authortitle.bbx
File: authortitle.bbx 2014/06/25 v2.9a biblatex bibliography style (PK/JW/AB)
Package biblatex Info: Trying to load bibliography style 'standard'...
Package biblatex Info: ... file 'standard.bbx' found.

(/usr/share/texlive/texmf-dist/tex/latex/biblatex/bbx/standard.bbx
File: standard.bbx 2014/06/25 v2.9a biblatex bibliography style (PK/JW/AB)
\c@bbx:relatedcount=\count287
\c@bbx:relatedtotal=\count288
)))
Package biblatex Info: Trying to load citation style 'verbose'...
Package biblatex Info: ... file 'verbose.cbx' found.

(/usr/share/texlive/texmf-dist/tex/latex/biblatex/cbx/verbose.cbx
File: verbose.cbx 2014/06/25 v2.9a biblatex citation style (PK/JW/AB)
Package biblatex Info: Redefining '\cite'.
Package biblatex Info: Redefining '\parencite'.
Package biblatex Info: Redefining '\footcite'.
Package biblatex Info: Redefining '\footcitetext'.
Package biblatex Info: Redefining '\smartcite'.
Package biblatex Info: Redefining '\textcite'.
Package biblatex Info: Redefining '\textcites'.
)
Package biblatex Info: Trying to load configuration file...
Package biblatex Info: ... file 'biblatex.cfg' found.

(/usr/share/texlive/texmf-dist/tex/latex/biblatex/biblatex.cfg
File: biblatex.cfg 
)))
(/usr/share/texlive/texmf-dist/tex/latex/shorttoc/shorttoc.sty
Package: shorttoc 2002/08/20 v1.3 Short table of contents (JPFD)
)
(/usr/share/texlive/texmf-dist/tex/latex/eurosym/eurosym.sty
Package: eurosym 1998/08/06 v1.1 European currency symbol ``Euro''
\@eurobox=\box56
)
(/usr/share/texlive/texmf-dist/tex/latex/csquotes/csquotes.sty
Package: csquotes 2011/10/22 v5.1d context-sensitive quotations
\csq@reset=\count289
\csq@gtype=\count290
\csq@glevel=\count291
\csq@qlevel=\count292
\csq@maxlvl=\count293
\csq@tshold=\count294
\csq@ltx@everypar=\toks21

(/usr/share/texlive/texmf-dist/tex/latex/csquotes/csquotes.def
File: csquotes.def 2011/10/22 v5.1d csquotes generic definitions
)
Package csquotes Info: Trying to load configuration file 'csquotes.cfg'...
Package csquotes Info: ... configuration file loaded successfully.

(/usr/share/texlive/texmf-dist/tex/latex/csquotes/csquotes.cfg
File: csquotes.cfg 
))
(/usr/share/texlive/texmf-dist/tex/latex/booktabs/booktabs.sty
Package: booktabs 2005/04/14 v1.61803 publication quality tables
\heavyrulewidth=\dimen136
\lightrulewidth=\dimen137
\cmidrulewidth=\dimen138
\belowrulesep=\dimen139
\belowbottomsep=\dimen140
\aboverulesep=\dimen141
\abovetopsep=\dimen142
\cmidrulesep=\dimen143
\cmidrulekern=\dimen144
\defaultaddspace=\dimen145
\@cmidla=\count295
\@cmidlb=\count296
\@aboverulesep=\dimen146
\@belowrulesep=\dimen147
\@thisruleclass=\count297
\@lastruleclass=\count298
\@thisrulewidth=\dimen148
)
(/usr/share/texlive/texmf-dist/tex/latex/graphics/graphicx.sty
Package: graphicx 2014/04/25 v1.0g Enhanced LaTeX Graphics (DPC,SPQR)

(/usr/share/texlive/texmf-dist/tex/latex/graphics/graphics.sty
Package: graphics 2009/02/05 v1.0o Standard LaTeX Graphics (DPC,SPQR)

(/usr/share/texlive/texmf-dist/tex/latex/graphics/trig.sty
Package: trig 1999/03/16 v1.09 sin cos tan (DPC)
)
(/usr/share/texlive/texmf-dist/tex/latex/latexconfig/graphics.cfg
File: graphics.cfg 2010/04/23 v1.9 graphics configuration of TeX Live
)
Package graphics Info: Driver file: pdftex.def on input line 91.
)
\Gin@req@height=\dimen149
\Gin@req@width=\dimen150
)
(/usr/share/texlive/texmf-dist/tex/latex/fancyvrb/fancyvrb.sty
Package: fancyvrb 2008/02/07

Style option: `fancyvrb' v2.7a, with DG/SPQR fixes, and firstline=lastline fix 
<2008/02/07> (tvz)
\FV@CodeLineNo=\count299
\FV@InFile=\read2
\FV@TabBox=\box57
\c@FancyVerbLine=\count300
\FV@StepNumber=\count301
\FV@OutFile=\write5
) (/usr/share/texlive/texmf-dist/tex/latex/tools/xspace.sty
Package: xspace 2014/10/28 v1.13 Space after command names (DPC,MH)
)
(/usr/share/texlive/texmf-dist/tex/latex/units/units.sty
Package: units 1998/08/04 v0.9b Typesetting units

(/usr/share/texlive/texmf-dist/tex/latex/units/nicefrac.sty
Package: nicefrac 1998/08/04 v0.9b Nice fractions
\L@UnitsRaiseDisplaystyle=\skip105
\L@UnitsRaiseTextstyle=\skip106
\L@UnitsRaiseScriptstyle=\skip107
)))
(/usr/share/texlive/texmf-dist/tex/latex/microtype/microtype.sty
Package: microtype 2013/05/23 v2.5a Micro-typographical refinements (RS)
\MT@toks=\toks22
\MT@count=\count302
LaTeX Info: Redefining \textls on input line 766.
\MT@outer@kern=\dimen151
LaTeX Info: Redefining \textmicrotypecontext on input line 1285.
\MT@listname@count=\count303

(/usr/share/texlive/texmf-dist/tex/latex/microtype/microtype-pdftex.def
File: microtype-pdftex.def 2013/05/23 v2.5a Definitions specific to pdftex (RS)

LaTeX Info: Redefining \lsstyle on input line 915.
LaTeX Info: Redefining \lslig on input line 915.
\MT@outer@space=\skip108
)
Package microtype Info: Loading configuration file microtype.cfg.

(/usr/share/texlive/texmf-dist/tex/latex/microtype/microtype.cfg
File: microtype.cfg 2013/05/23 v2.5a microtype main configuration file (RS)
))

Package hyperref Warning: Token not allowed in a PDF string (Unicode):
(hyperref)                removing `\\' on input line 36.


Package hyperref Warning: Token not allowed in a PDF string (Unicode):
(hyperref)                removing `\\' on input line 36.


Package hyperref Warning: Token not allowed in a PDF string (Unicode):
(hyperref)                removing `\\' on input line 36.


Package hyperref Warning: Token not allowed in a PDF string (Unicode):
(hyperref)                removing `\<let>-command' on input line 36.


Package hyperref Warning: Token not allowed in a PDF string (Unicode):
(hyperref)                removing `\reserved@e' on input line 36.


Package hyperref Warning: Token not allowed in a PDF string (Unicode):
(hyperref)                removing `\<let>-command' on input line 36.


Package hyperref Warning: Token not allowed in a PDF string (Unicode):
(hyperref)                removing `\@ifnextchar' on input line 36.


Package hyperref Warning: Token not allowed in a PDF string (Unicode):
(hyperref)                removing `\\' on input line 36.


Package hyperref Warning: Token not allowed in a PDF string (Unicode):
(hyperref)                removing `\\' on input line 36.

Package biblatex Info: Trying to load language 'french'...
Package biblatex Info: ... file 'french.lbx' found.
(/usr/share/texlive/texmf-dist/tex/latex/biblatex/lbx/french.lbx
File: french.lbx 2014/06/25 v2.9a biblatex localization (PK/JW/AB)
)

Package biblatex Warning: Patching footnotes failed.
(biblatex)                Footnote detection will not work.

Package csquotes Info: Checking for multilingual support...
Package csquotes Info: ... found 'babel' package.
Package csquotes Info: Adjusting default style.
Package csquotes Info: Redefining alias 'default' -> 'french'.
(./main.aux (./introduction.aux) (./chapitre1.aux) (./chapitre2.aux)
(./conclusion.aux))
\openout1 = `main.aux'.

LaTeX Font Info:    Checking defaults for OML/cmm/m/it on input line 45.
LaTeX Font Info:    ... okay on input line 45.
LaTeX Font Info:    Checking defaults for T1/cmr/m/n on input line 45.
LaTeX Font Info:    ... okay on input line 45.
LaTeX Font Info:    Checking defaults for OT1/cmr/m/n on input line 45.
LaTeX Font Info:    ... okay on input line 45.
LaTeX Font Info:    Checking defaults for OMS/cmsy/m/n on input line 45.
LaTeX Font Info:    ... okay on input line 45.
LaTeX Font Info:    Checking defaults for OMX/cmex/m/n on input line 45.
LaTeX Font Info:    ... okay on input line 45.
LaTeX Font Info:    Checking defaults for U/cmr/m/n on input line 45.
LaTeX Font Info:    ... okay on input line 45.
LaTeX Font Info:    Checking defaults for PD1/pdf/m/n on input line 45.
LaTeX Font Info:    ... okay on input line 45.
LaTeX Font Info:    Checking defaults for PU/pdf/m/n on input line 45.
LaTeX Font Info:    ... okay on input line 45.
LaTeX Font Info:    Checking defaults for TS1/cmr/m/n on input line 45.
LaTeX Font Info:    Try loading font information for TS1+cmr on input line 45.
 (/usr/share/texlive/texmf-dist/tex/latex/base/ts1cmr.fd
File: ts1cmr.fd 2014/09/29 v2.5h Standard LaTeX font definitions
)
LaTeX Font Info:    ... okay on input line 45.
LaTeX Font Info:    Try loading font information for T1+bch on input line 45.

(/usr/share/texlive/texmf-dist/tex/latex/psnfss/t1bch.fd
File: t1bch.fd 2004/10/18 font definitions for T1/bch.
)
\AtBeginShipoutBox=\box58
Package hyperref Info: Link coloring OFF on input line 45.

(/usr/share/texlive/texmf-dist/tex/latex/hyperref/nameref.sty
Package: nameref 2012/10/27 v2.43 Cross-referencing by name of section

(/usr/share/texlive/texmf-dist/tex/generic/oberdiek/gettitlestring.sty
Package: gettitlestring 2010/12/03 v1.4 Cleanup title references (HO)
)
\c@section@level=\count304
)
LaTeX Info: Redefining \ref on input line 45.
LaTeX Info: Redefining \pageref on input line 45.
LaTeX Info: Redefining \nameref on input line 45.

(./main.out) (./main.out)
\@outlinefile=\write6
\openout6 = `main.out'.

 ABD: EverySelectfont initializing macros
LaTeX Info: Redefining \selectfont on input line 45.

*geometry* driver: auto-detecting
*geometry* detected driver: pdftex
*geometry* verbose mode - [ preamble ] result:
* driver: pdftex
* paper: a4paper
* layout: <same size as paper>
* layoutoffset:(h,v)=(0.0pt,0.0pt)
* modes: twoside asymmetric 
* h-part:(L,W,R)=(70.56284pt, 304.44447pt, 222.50056pt)
* v-part:(T,H,B)=(77.96053pt, 686.0pt, 81.08632pt)
* \paperwidth=597.50787pt
* \paperheight=845.04684pt
* \textwidth=304.44447pt
* \textheight=686.0pt
* \oddsidemargin=-1.70715pt
* \evensidemargin=-1.70715pt
* \topmargin=-36.30946pt
* \headheight=14.0pt
* \headsep=28.0pt
* \topskip=10.0pt
* \footskip=25.29494pt
* \marginparwidth=140.5566pt
* \marginparsep=23.33124pt
* \columnsep=10.0pt
* \skip\footins=9.0pt plus 4.0pt minus 2.0pt
* \hoffset=0.0pt
* \voffset=0.0pt
* \mag=1000
* \@twocolumnfalse
* \@twosidetrue
* \@mparswitchfalse
* \@reversemarginfalse
* (1in=72.27pt=25.4mm, 1cm=28.453pt)

LaTeX Info: Redefining \microtypecontext on input line 45.
Package microtype Info: Generating PDF output.
Package microtype Info: Character protrusion enabled (level 2).
Package microtype Info: Using default protrusion set `alltext'.
Package microtype Info: Automatic font expansion enabled (level 2),
(microtype)             stretch: 20, shrink: 20, step: 1, non-selected.
Package microtype Info: Using default expansion set `basictext'.
Package microtype Info: No adjustment of tracking.
Package microtype Info: No adjustment of interword spacing.
Package microtype Info: No adjustment of character kerning.
(/usr/share/texlive/texmf-dist/tex/latex/microtype/mt-bch.cfg
File: mt-bch.cfg 2007/03/03 v1.5 microtype config. file: Bitstream Charter (RS)

)
(/usr/share/texlive/texmf-dist/tex/context/base/supp-pdf.mkii
[Loading MPS to PDF converter (version 2006.09.02).]
\scratchcounter=\count305
\scratchdimen=\dimen152
\scratchbox=\box59
\nofMPsegments=\count306
\nofMParguments=\count307
\everyMPshowfont=\toks23
\MPscratchCnt=\count308
\MPscratchDim=\dimen153
\MPnumerator=\count309
\makeMPintoPDFobject=\count310
\everyMPtoPDFconversion=\toks24
)
\big@size=\dimen154
LaTeX Info: Redefining \degres on input line 45.
LaTeX Info: Redefining \dots on input line 45.
Package frenchb.ldf Info: Setting StandardItemizeEnv=true for
(frenchb.ldf)             compatibility with paralist package,
(frenchb.ldf)              on input line 45.
Package frenchb.ldf Info: Setting StandardEnumerateEnv=true for
(frenchb.ldf)             compatibility with paralist package,
(frenchb.ldf)              on input line 45.
LaTeX Info: Redefining \up on input line 45.
Package biblatex Info: Input encoding 'utf8' detected.
Package biblatex Info: Automatic encoding selection.
(biblatex)             Assuming data encoding 'utf8'.
\openout4 = `main.bcf'.

Package biblatex Info: Trying to load bibliographic data...
Package biblatex Info: ... file 'main.bbl' found.
 (./main.bbl)
Package biblatex Info: Reference section=0 on input line 45.
Package biblatex Info: Reference segment=0 on input line 45.

(/usr/share/texlive/texmf-dist/tex/latex/oberdiek/epstopdf-base.sty
Package: epstopdf-base 2010/02/09 v2.5 Base part for package epstopdf

(/usr/share/texlive/texmf-dist/tex/latex/oberdiek/grfext.sty
Package: grfext 2010/08/19 v1.1 Manage graphics extensions (HO)
)
Package grfext Info: Graphics extension search list:
(grfext)             [.png,.pdf,.jpg,.mps,.jpeg,.jbig2,.jb2,.PNG,.PDF,.JPG,.JPE
G,.JBIG2,.JB2,.eps]
(grfext)             \AppendGraphicsExtensions on input line 452.

(/usr/share/texlive/texmf-dist/tex/latex/latexconfig/epstopdf-sys.cfg
File: epstopdf-sys.cfg 2010/07/13 v1.3 Configuration of (r)epstopdf for TeX Liv
e
))
Package nag Info: Command \caption@xlabel not defined, skipping amendment on in
put line 45.
Package nag Info: Command \captionabove not defined, skipping amendment on inpu
t line 45.
Package nag Info: Command \captionbelow not defined, skipping amendment on inpu
t line 45.
Package nag Info: Command \hc@caption not defined, skipping amendment on input 
line 45.
Package nag Info: Command \topcaption not defined, skipping amendment on input 
line 45.
LaTeX Font Info:    Try loading font information for T1+phv on input line 51.

(/usr/share/texlive/texmf-dist/tex/latex/psnfss/t1phv.fd
File: t1phv.fd 2001/06/04 scalable font definitions for T1/phv.
)
LaTeX Font Info:    Font shape `T1/phv/m/n' will be
(Font)              scaled to size 8.99994pt on input line 51.
Package microtype Info: Loading generic settings for font family
(microtype)             `phv' (encoding: T1).
(microtype)             For optimal results, create family-specific settings.
(microtype)             See the microtype manual for details.
LaTeX Font Info:    Font shape `T1/phv/m/n' will be
(Font)              scaled to size 16.19989pt on input line 51.
LaTeX Font Info:    Font shape `T1/phv/m/n' will be
(Font)              scaled to size 32.39978pt on input line 51.

Underfull \hbox (badness 10000) in paragraph at lines 51--51

 []

LaTeX Font Info:    Font shape `T1/phv/m/n' will be
(Font)              scaled to size 12.59991pt on input line 51.
[1



{/var/lib/texmf/fonts/map/pdftex/updmap/pdftex.map}] [2

] (./main.toc)
[3

] [4

]
\openout2 = `introduction.aux'.

 (./introduction.tex
Package biblatex Info: Resetting trackers on input line 1.
LaTeX Font Info:    Try loading font information for OT1+pplx on input line 13.


(/usr/share/texlive/texmf-dist/tex/latex/psnfss/ot1pplx.fd
File: ot1pplx.fd 2004/09/06 font definitions for OT1/pplx.
)
(/usr/share/texlive/texmf-dist/tex/latex/microtype/mt-ppl.cfg
File: mt-ppl.cfg 2005/11/16 v1.6 microtype config. file: Palatino (RS)
)
LaTeX Font Info:    Try loading font information for OML+zplm on input line 13.


(/usr/share/texlive/texmf-dist/tex/latex/psnfss/omlzplm.fd
File: omlzplm.fd 2002/09/08 Fontinst v1.914 font definitions for OML/zplm.
)
LaTeX Font Info:    Try loading font information for OMS+zplm on input line 13.


(/usr/share/texlive/texmf-dist/tex/latex/psnfss/omszplm.fd
File: omszplm.fd 2002/09/08 Fontinst v1.914 font definitions for OMS/zplm.
)
LaTeX Font Info:    Try loading font information for OMX+zplm on input line 13.


(/usr/share/texlive/texmf-dist/tex/latex/psnfss/omxzplm.fd
File: omxzplm.fd 2002/09/08 Fontinst v1.914 font definitions for OMX/zplm.
)
LaTeX Font Info:    Try loading font information for OT1+zplm on input line 13.


(/usr/share/texlive/texmf-dist/tex/latex/psnfss/ot1zplm.fd
File: ot1zplm.fd 2002/09/08 Fontinst v1.914 font definitions for OT1/zplm.
)
Package microtype Info: Loading generic settings for font family
(microtype)             `zplm' (encoding: OT1).
(microtype)             For optimal results, create family-specific settings.
(microtype)             See the microtype manual for details.


LaTeX Warning: Marginpar on page 5 moved.


LaTeX Warning: Marginpar on page 5 moved.


LaTeX Warning: Marginpar on page 5 moved.


LaTeX Warning: Marginpar on page 5 moved.

)

LaTeX Warning: Marginpar on page 5 moved.

[5


] [6


]
\openout2 = `chapitre1.aux'.

 (./chapitre1.tex
Package biblatex Info: Resetting trackers on input line 5.
LaTeX Font Info:    Font shape `T1/phv/m/it' in size <18> not available
(Font)              Font shape `T1/phv/m/sl' tried instead on input line 13.
LaTeX Font Info:    Font shape `T1/phv/m/sl' will be
(Font)              scaled to size 16.19989pt on input line 13.
LaTeX Font Info:    Font shape `T1/phv/m/it' in size <10.95> not available
(Font)              Font shape `T1/phv/m/sl' tried instead on input line 13.
LaTeX Font Info:    Font shape `T1/phv/m/sl' will be
(Font)              scaled to size 9.85492pt on input line 13.

Overfull \hbox (23.71077pt too wide) in paragraph at lines 13--13
[]\T1/phv/m/it/10.95/200ls (-20) << THEY WHO CAN GIVE UP ESSENTIAL LIBERTY TO O
BTAIN A LITTLE TEMPORARY
 []

(./Chapitre1/NSA.tex [7


]
<../graphics/fiveeyes.png, id=97, 677.53125pt x 291.0875pt>
File: ../graphics/fiveeyes.png Graphic file (type png)

<use ../graphics/fiveeyes.png>
Package pdftex.def Info: ../graphics/fiveeyes.png used on input line 13.
(pdftex.def)             Requested size: 304.45203pt x 130.8016pt.


Package nag Warning: figure with no \caption on input line 17.


Underfull \hbox (badness 10000) in paragraph at lines 13--17

 []


LaTeX Warning: Marginpar on page 8 moved.


LaTeX Warning: Marginpar on page 8 moved.


LaTeX Warning: Marginpar on page 8 moved.


LaTeX Warning: Marginpar on page 8 moved.


LaTeX Warning: Marginpar on page 8 moved.


Underfull \hbox (badness 1377) in paragraph at lines 32--32
[][]\T1/bch/m/n/8 (+20) .[][][]Floor \T1/bch/m/sc/8/50ls (+20) Boon \T1/bch/m/n
/8 (+20) et al. ^^S   NSA in-fec-ted
 []


LaTeX Warning: Marginpar on page 8 moved.

<../graphics/carte.jpg, id=99, 1027.84pt x 768.8725pt>
File: ../graphics/carte.jpg Graphic file (type jpg)

<use ../graphics/carte.jpg>
Package pdftex.def Info: ../graphics/carte.jpg used on input line 36.
(pdftex.def)             Requested size: 304.44917pt x 227.74225pt.


Package nag Warning: figure with no \caption on input line 40.


Underfull \hbox (badness 10000) in paragraph at lines 36--40

 []


Underfull \hbox (badness 1152) in paragraph at lines 40--40
[]\T1/bch/m/sc/8 (+20) Figure \T1/bch/m/n/8 (+20) 2: Les points oranges re-pr-

 []


Package Fancyhdr Warning: \headheight is too small (14.0pt): 
 Make it at least 25.54503pt.
 We now make it that large for the rest of the document.
 This may cause the page layout to be inconsistent, however.

[8 <../graphics/fiveeyes.png>]

LaTeX Warning: Marginpar on page 9 moved.


LaTeX Warning: Marginpar on page 9 moved.


LaTeX Warning: Marginpar on page 9 moved.

[9 <../graphics/carte.jpg>]

LaTeX Warning: Marginpar on page 10 moved.


Underfull \hbox (badness 10000) in paragraph at lines 96--96
[][]\T1/bch/m/n/8 (+20) .[][][]Anthony L. \T1/bch/m/sc/8/50ls (+20) Ki-mery\T1/
bch/m/n/8 (+20) . ^^S   NSA X-
 []


LaTeX Warning: Marginpar on page 10 moved.


LaTeX Warning: Marginpar on page 10 moved.


LaTeX Warning: Marginpar on page 10 moved.


LaTeX Warning: Marginpar on page 10 moved.


Package Fancyhdr Warning: \headheight is too small (14.0pt): 
 Make it at least 25.54503pt.
 We now make it that large for the rest of the document.
 This may cause the page layout to be inconsistent, however.

[10]

LaTeX Warning: Marginpar on page 11 moved.


LaTeX Warning: Marginpar on page 11 moved.

<../graphics/flow.png, id=126, 1023.825pt x 1035.87pt>
File: ../graphics/flow.png Graphic file (type png)

<use ../graphics/flow.png>
Package pdftex.def Info: ../graphics/flow.png used on input line 170.
(pdftex.def)             Requested size: 304.4472pt x 308.02895pt.


Package nag Warning: figure with no \caption on input line 175.


Underfull \hbox (badness 10000) in paragraph at lines 170--175

 []

) (./Chapitre1/GCHQ.tex [11]
Underfull \hbox (badness 1048) in paragraph at lines 5--5
[][]\T1/bch/m/n/8 (+20) .[][][]Scott \T1/bch/m/sc/8/50ls (+20) Shane\T1/bch/m/n
/8 (+20) . ^^S   New Lea-ked Do-cu-
 []


LaTeX Warning: Marginpar on page 12 moved.


Package Fancyhdr Warning: \headheight is too small (14.0pt): 
 Make it at least 25.54503pt.
 We now make it that large for the rest of the document.
 This may cause the page layout to be inconsistent, however.

[12 <../graphics/flow.png (PNG copy)>]

LaTeX Warning: Marginpar on page 13 moved.


LaTeX Warning: Marginpar on page 13 moved.


LaTeX Warning: Marginpar on page 13 moved.


LaTeX Warning: Marginpar on page 13 moved.


LaTeX Warning: Marginpar on page 13 moved.


LaTeX Warning: Marginpar on page 13 moved.


LaTeX Warning: Marginpar on page 13 moved.

[13]

LaTeX Warning: Marginpar on page 14 moved.


Package Fancyhdr Warning: \headheight is too small (14.0pt): 
 Make it at least 25.54503pt.
 We now make it that large for the rest of the document.
 This may cause the page layout to be inconsistent, however.

[14]
Underfull \hbox (badness 1629) in paragraph at lines 83--83
[][]\T1/bch/m/n/8 (+20) .[][][]Spencer \T1/bch/m/sc/8/50ls (+20) Acker-man \T1/
bch/m/n/8 (+20) et al. ^^S   Op-tic
 []


LaTeX Warning: Marginpar on page 15 moved.


LaTeX Warning: Marginpar on page 15 moved.

<../graphics/gchq.jpg, id=161, 3011.25pt x 2120.92375pt>
File: ../graphics/gchq.jpg Graphic file (type jpg)

<use ../graphics/gchq.jpg>
Package pdftex.def Info: ../graphics/gchq.jpg used on input line 99.
(pdftex.def)             Requested size: 1204.47868pt x 848.35449pt.


Package nag Warning: figure with no \caption on input line 102.


Underfull \hbox (badness 10000) in paragraph at lines 99--102

 []

) (./Chapitre1/BND.tex [15 <../graphics/gchq.jpg>]

LaTeX Warning: Marginpar on page 16 moved.


LaTeX Warning: Marginpar on page 16 moved.


LaTeX Warning: Marginpar on page 16 moved.


LaTeX Warning: Marginpar on page 16 moved.

<../graphics/eikonal1.jpg, id=169, 803.0pt x 496.85625pt>
File: ../graphics/eikonal1.jpg Graphic file (type jpg)

<use ../graphics/eikonal1.jpg>
Package pdftex.def Info: ../graphics/eikonal1.jpg used on input line 25.
(pdftex.def)             Requested size: 304.44476pt x 188.37518pt.


Package nag Warning: figure with no \caption on input line 29.


Underfull \hbox (badness 10000) in paragraph at lines 25--29

 []

<../graphics/eikonal2.jpg, id=170, 526.96875pt x 408.52625pt>
File: ../graphics/eikonal2.jpg Graphic file (type jpg)

<use ../graphics/eikonal2.jpg>
Package pdftex.def Info: ../graphics/eikonal2.jpg used on input line 43.
(pdftex.def)             Requested size: 304.46007pt x 236.02905pt.


Package nag Warning: figure with no \caption on input line 46.


Underfull \hbox (badness 10000) in paragraph at lines 43--46

 []


Package Fancyhdr Warning: \headheight is too small (14.0pt): 
 Make it at least 25.54503pt.
 We now make it that large for the rest of the document.
 This may cause the page layout to be inconsistent, however.

[16 <../graphics/eikonal1.jpg>]

LaTeX Warning: Marginpar on page 17 moved.

<../graphics/eikonal3.jpg, id=178, 803.0pt x 470.75874pt>
File: ../graphics/eikonal3.jpg Graphic file (type jpg)

<use ../graphics/eikonal3.jpg>
Package pdftex.def Info: ../graphics/eikonal3.jpg used on input line 55.
(pdftex.def)             Requested size: 304.44476pt x 178.48074pt.


Package nag Warning: figure with no \caption on input line 59.


Underfull \hbox (badness 10000) in paragraph at lines 55--59

 []

[17 <../graphics/eikonal2.jpg> <../graphics/eikonal3.jpg>]

LaTeX Warning: Marginpar on page 18 moved.

<../graphics/rampart.jpg, id=184, 714.67pt x 546.04pt>
File: ../graphics/rampart.jpg Graphic file (type jpg)

<use ../graphics/rampart.jpg>
Package pdftex.def Info: ../graphics/rampart.jpg used on input line 72.
(pdftex.def)             Requested size: 304.445pt x 232.60966pt.


Package nag Warning: figure with no \caption on input line 75.


Underfull \hbox (badness 10000) in paragraph at lines 72--75

 []


Underfull \hbox (badness 10000) in paragraph at lines 75--75
[]\T1/bch/m/sc/8 (+20) Figure \T1/bch/m/n/8 (+20) 8: Schma de l'op-ra-tion
 []


Package Fancyhdr Warning: \headheight is too small (14.0pt): 
 Make it at least 25.54503pt.
 We now make it that large for the rest of the document.
 This may cause the page layout to be inconsistent, however.

[18 <../graphics/rampart.jpg>]
<../graphics/ba1.jpg, id=190, 622.325pt x 358.33875pt>
File: ../graphics/ba1.jpg Graphic file (type jpg)

<use ../graphics/ba1.jpg>
Package pdftex.def Info: ../graphics/ba1.jpg used on input line 82.
(pdftex.def)             Requested size: 304.44812pt x 175.30319pt.


Package nag Warning: figure with no \caption on input line 86.


Underfull \hbox (badness 10000) in paragraph at lines 82--86

 []


LaTeX Warning: Marginpar on page 19 moved.


LaTeX Warning: Marginpar on page 19 moved.


LaTeX Warning: Marginpar on page 19 moved.

<../graphics/ba2.jpg, id=192, 803.0pt x 527.9725pt>
File: ../graphics/ba2.jpg Graphic file (type jpg)
 <use ../graphics/ba2.jpg>
Package pdftex.def Info: ../graphics/ba2.jpg used on input line 114.
(pdftex.def)             Requested size: 304.44476pt x 200.17242pt.


Package nag Warning: figure with no \caption on input line 117.


Underfull \hbox (badness 10000) in paragraph at lines 114--117

 []

<../graphics/ba3.jpg, id=193, 1606.0pt x 764.8575pt>
File: ../graphics/ba3.jpg Graphic file (type jpg)
 <use ../graphics/ba3.jpg>
Package pdftex.def Info: ../graphics/ba3.jpg used on input line 121.
(pdftex.def)             Requested size: 304.43251pt x 144.98598pt.


Package nag Warning: figure with no \caption on input line 125.


Underfull \hbox (badness 10000) in paragraph at lines 121--125
[][][]
 []


Underfull \hbox (badness 10000) in paragraph at lines 121--125

 []


Underfull \hbox (badness 3635) in paragraph at lines 125--125
[]\T1/bch/m/sc/8 (+20) Figure \T1/bch/m/n/8 (+20) 11: 552 mil-lions de meta-
 []

) (./Chapitre1/DGSE.tex [19 <../graphics/ba1.jpg>]

Package Fancyhdr Warning: \headheight is too small (14.0pt): 
 Make it at least 25.54503pt.
 We now make it that large for the rest of the document.
 This may cause the page layout to be inconsistent, however.

[20 <../graphics/ba2.jpg> <../graphics/ba3.jpg>]

LaTeX Warning: Marginpar on page 21 moved.


LaTeX Warning: Marginpar on page 21 moved.


LaTeX Warning: Marginpar on page 21 moved.


LaTeX Warning: Marginpar on page 21 moved.


LaTeX Warning: Marginpar on page 21 moved.


LaTeX Warning: Marginpar on page 21 moved.


LaTeX Warning: Marginpar on page 21 moved.


LaTeX Warning: Marginpar on page 21 moved.


LaTeX Warning: Marginpar on page 21 moved.


LaTeX Warning: Marginpar on page 21 moved.


LaTeX Warning: Marginpar on page 21 moved.

[21]

LaTeX Warning: Marginpar on page 22 moved.


LaTeX Warning: Marginpar on page 22 moved.


LaTeX Warning: Marginpar on page 22 moved.

<../graphics/french1.jpg, id=219, 2601.72pt x 1951.29pt>
File: ../graphics/french1.jpg Graphic file (type jpg)

<use ../graphics/french1.jpg>
Package pdftex.def Info: ../graphics/french1.jpg used on input line 60.
(pdftex.def)             Requested size: 304.41193pt x 228.30894pt.


Package nag Warning: figure with no \caption on input line 64.


Underfull \hbox (badness 10000) in paragraph at lines 60--64
[][][]
 []


Underfull \hbox (badness 10000) in paragraph at lines 60--64

 []


LaTeX Warning: Marginpar on page 22 moved.


LaTeX Warning: Marginpar on page 22 moved.


LaTeX Warning: Marginpar on page 22 moved.


LaTeX Warning: Marginpar on page 22 moved.


Package Fancyhdr Warning: \headheight is too small (14.0pt): 
 Make it at least 25.54503pt.
 We now make it that large for the rest of the document.
 This may cause the page layout to be inconsistent, however.

[22 <../graphics/french1.jpg>]

LaTeX Warning: Marginpar on page 23 moved.

<../graphics/french2.jpg, id=228, 687.56876pt x 452.69125pt>
File: ../graphics/french2.jpg Graphic file (type jpg)

<use ../graphics/french2.jpg>
Package pdftex.def Info: ../graphics/french2.jpg used on input line 97.
(pdftex.def)             Requested size: 304.44063pt x 200.44193pt.


Package nag Warning: figure with no \caption on input line 101.


Underfull \hbox (badness 10000) in paragraph at lines 97--101
[][][]
 []


Underfull \hbox (badness 10000) in paragraph at lines 97--101

 []


Underfull \hbox (badness 1048) in paragraph at lines 101--101
[]\T1/bch/m/sc/8 (+20) Figure \T1/bch/m/n/8 (+20) 13: Cble sous-marin re-liant

 []

)

LaTeX Warning: Marginpar on page 23 moved.

) [23 <../graphics/french2.jpg>]
\openout2 = `chapitre2.aux'.

 (./chapitre2.tex [24



]
Package biblatex Info: Resetting trackers on input line 5.

Overfull \hbox (14.00386pt too wide) in paragraph at lines 5--5
[]\T1/bch/m/it/20.74 Quis cus-to-diet ip-sos cus-todes? -- Qui gar-dera les gar
des?| 
 []


Underfull \hbox (badness 1019) in paragraph at lines 24--24
\T1/bch/m/n/8 (+20) Stop-ped A Ter-ro-rist ^^T. In : \T1/bch/m/it/8 (+20) Digg.
com
 []


LaTeX Warning: Marginpar on page 25 moved.

[25]

LaTeX Warning: Marginpar on page 26 moved.


LaTeX Warning: Marginpar on page 26 moved.


Package Fancyhdr Warning: \headheight is too small (14.0pt): 
 Make it at least 25.54503pt.
 We now make it that large for the rest of the document.
 This may cause the page layout to be inconsistent, however.

[26]

LaTeX Warning: Marginpar on page 27 moved.


LaTeX Warning: Marginpar on page 27 moved.


LaTeX Warning: Marginpar on page 27 moved.


LaTeX Warning: Marginpar on page 27 moved.


LaTeX Warning: Marginpar on page 27 moved.

) [27]
\openout2 = `conclusion.aux'.

 (./conclusion.tex [28



]
Package biblatex Info: Resetting trackers on input line 1.
) [29] [30


] (./main.lof
Overfull \hbox (6.84714pt too wide) in paragraph at lines 29--29
 [][][] [][]\T1/bch/m/n/10 (-20) Capture cran de BOUND-LES-SIN-FOR-MANT pour l
'Al-le-magne[] 20 
 []

)
\tf@lof=\write7
\openout7 = `main.lof'.

 [31

] [32

] (./main.toc [33])
\tf@toc=\write8
\openout8 = `main.toc'.



Package Fancyhdr Warning: \headheight is too small (14.0pt): 
 Make it at least 25.54503pt.
 We now make it that large for the rest of the document.
 This may cause the page layout to be inconsistent, however.

[34] [35

]

Package Fancyhdr Warning: \headheight is too small (14.0pt): 
 Make it at least 25.54503pt.
 We now make it that large for the rest of the document.
 This may cause the page layout to be inconsistent, however.

[36]

Package nag Warning: 13 complaints in total.

Package atveryend Info: Empty hook `BeforeClearDocument' on input line 137.
[37]
Package atveryend Info: Empty hook `AfterLastShipout' on input line 137.
 (./main.aux (./introduction.aux) (./chapitre1.aux) (./chapitre2.aux)
(./conclusion.aux))
Package atveryend Info: Executing hook `AtVeryEndDocument' on input line 137.
Package atveryend Info: Executing hook `AtEndAfterFileList' on input line 137.
Package rerunfilecheck Info: File `main.out' has not changed.
(rerunfilecheck)             Checksum: 53760085B57D3B7E753FBC7A71F9DEA6;2162.
Package logreq Info: Writing requests to 'main.run.xml'.
\openout1 = `main.run.xml'.

Package atveryend Info: Empty hook `AtVeryVeryEnd' on input line 137.
 ) 
Here is how much of TeX's memory you used:
 22473 strings out of 494991
 344249 string characters out of 6180056
 818523 words of memory out of 5000000
 24599 multiletter control sequences out of 15000+600000
 144424 words of font info for 429 fonts, out of 8000000 for 9000
 14 hyphenation exceptions out of 8191
 59i,12n,80p,927b,2126s stack positions out of 5000i,500n,10000p,200000b,80000s
{/usr/share/texlive/texmf-dist/fonts/enc/dvips/base/8r.enc}</usr/share/texliv
e/texmf-dist/fonts/type1/bitstrea/charter/bchr8a.pfb></usr/share/texlive/texmf-
dist/fonts/type1/bitstrea/charter/bchri8a.pfb></usr/share/texlive/texmf-dist/fo
nts/type1/urw/helvetic/uhvr8a.pfb></usr/share/texlive/texmf-dist/fonts/type1/ur
w/helvetic/uhvro8a.pfb>
Output written on main.pdf (37 pages, 6443468 bytes).
PDF statistics:
 502 PDF objects out of 1000 (max. 8388607)
 408 compressed objects within 5 object streams
 146 named destinations out of 1000 (max. 500000)
 66714 words of extra memory for PDF output out of 74296 (max. 10000000)

